<?xml version="1.0" encoding="UTF-8"?>
<!-- Generated by org.testng.reporters.JUnitReportReporter -->
<testsuite hostname="DVCINH6092255" failures="0" tests="1" name="TestNG.one" time="0.006" errors="0" timestamp="2024-01-31T18:36:45 IST" skipped="0">
  <testcase classname="TestNG.one" name="one" time="0.006"/>
  <system-out/>
</testsuite> <!-- TestNG.one -->
