<?xml version="1.0" encoding="UTF-8"?>
<!-- Generated by org.testng.reporters.JUnitReportReporter -->
<testsuite hostname="DVCINH6092255" failures="0" tests="1" name="TestNG.framework_TestNg" time="0.014" errors="0" timestamp="2024-01-31T15:23:50 IST" skipped="0">
  <testcase classname="TestNG.framework_TestNg" name="demo" time="0.014"/>
  <system-out/>
</testsuite> <!-- TestNG.framework_TestNg -->
