<?xml version="1.0" encoding="UTF-8"?>
<!-- Generated by org.testng.reporters.JUnitReportReporter -->
<testsuite hostname="DVCINH6092255" failures="0" tests="2" name="TestNG.ten_TC" time="0.003" errors="0" timestamp="2024-01-31T18:36:45 IST" skipped="0">
  <testcase classname="TestNG.ten_TC" name="five" time="0.001"/>
  <system-out/>
  <testcase classname="TestNG.ten_TC" name="six" time="0.002"/>
  <system-out/>
</testsuite> <!-- TestNG.ten_TC -->
